This is pdfTeX, Version 3.14159265-2.6-1.40.19 (MiKTeX 2.9.6630 64-bit) (preloaded format=pdflatex 2018.5.24)  7 JUN 2019 17:48
entering extended mode
**./frontiers.tex
(frontiers.tex
LaTeX2e <2017-04-15>
Babel <3.18> and hyphenation patterns for 75 language(s) loaded.
(frontiersSCNS.cls
Document Class: frontiersSCNS 2016/11/10 2.6

("C:\Users\Richard\AppData\Local\Programs\MiKTeX 2.9\tex\latex\base\inputenc.st
y"
Package: inputenc 2015/03/17 v1.2c Input encoding file
\inpenc@prehook=\toks14
\inpenc@posthook=\toks15
 ("C:\Users\Richard\AppData\Local\Programs\MiKTeX 2.9\tex\latex\base\utf8.def"
File: utf8.def 2017/01/28 v1.1t UTF-8 support for inputenc
Now handling font encoding OML ...
... no UTF-8 mapping file for font encoding OML
Now handling font encoding T1 ...
... processing UTF-8 mapping file for font encoding T1
 ("C:\Users\Richard\AppData\Local\Programs\MiKTeX 2.9\tex\latex\base\t1enc.dfu"
File: t1enc.dfu 2017/01/28 v1.1t UTF-8 support for inputenc
   defining Unicode char U+00A0 (decimal 160)
   defining Unicode char U+00A1 (decimal 161)
   defining Unicode char U+00A3 (decimal 163)
   defining Unicode char U+00AB (decimal 171)
   defining Unicode char U+00AD (decimal 173)
   defining Unicode char U+00BB (decimal 187)
   defining Unicode char U+00BF (decimal 191)
   defining Unicode char U+00C0 (decimal 192)
   defining Unicode char U+00C1 (decimal 193)
   defining Unicode char U+00C2 (decimal 194)
   defining Unicode char U+00C3 (decimal 195)
   defining Unicode char U+00C4 (decimal 196)
   defining Unicode char U+00C5 (decimal 197)
   defining Unicode char U+00C6 (decimal 198)
   defining Unicode char U+00C7 (decimal 199)
   defining Unicode char U+00C8 (decimal 200)
   defining Unicode char U+00C9 (decimal 201)
   defining Unicode char U+00CA (decimal 202)
   defining Unicode char U+00CB (decimal 203)
   defining Unicode char U+00CC (decimal 204)
   defining Unicode char U+00CD (decimal 205)
   defining Unicode char U+00CE (decimal 206)
   defining Unicode char U+00CF (decimal 207)
   defining Unicode char U+00D0 (decimal 208)
   defining Unicode char U+00D1 (decimal 209)
   defining Unicode char U+00D2 (decimal 210)
   defining Unicode char U+00D3 (decimal 211)
   defining Unicode char U+00D4 (decimal 212)
   defining Unicode char U+00D5 (decimal 213)
   defining Unicode char U+00D6 (decimal 214)
   defining Unicode char U+00D8 (decimal 216)
   defining Unicode char U+00D9 (decimal 217)
   defining Unicode char U+00DA (decimal 218)
   defining Unicode char U+00DB (decimal 219)
   defining Unicode char U+00DC (decimal 220)
   defining Unicode char U+00DD (decimal 221)
   defining Unicode char U+00DE (decimal 222)
   defining Unicode char U+00DF (decimal 223)
   defining Unicode char U+00E0 (decimal 224)
   defining Unicode char U+00E1 (decimal 225)
   defining Unicode char U+00E2 (decimal 226)
   defining Unicode char U+00E3 (decimal 227)
   defining Unicode char U+00E4 (decimal 228)
   defining Unicode char U+00E5 (decimal 229)
   defining Unicode char U+00E6 (decimal 230)
   defining Unicode char U+00E7 (decimal 231)
   defining Unicode char U+00E8 (decimal 232)
   defining Unicode char U+00E9 (decimal 233)
   defining Unicode char U+00EA (decimal 234)
   defining Unicode char U+00EB (decimal 235)
   defining Unicode char U+00EC (decimal 236)
   defining Unicode char U+00ED (decimal 237)
   defining Unicode char U+00EE (decimal 238)
   defining Unicode char U+00EF (decimal 239)
   defining Unicode char U+00F0 (decimal 240)
   defining Unicode char U+00F1 (decimal 241)
   defining Unicode char U+00F2 (decimal 242)
   defining Unicode char U+00F3 (decimal 243)
   defining Unicode char U+00F4 (decimal 244)
   defining Unicode char U+00F5 (decimal 245)
   defining Unicode char U+00F6 (decimal 246)
   defining Unicode char U+00F8 (decimal 248)
   defining Unicode char U+00F9 (decimal 249)
   defining Unicode char U+00FA (decimal 250)
   defining Unicode char U+00FB (decimal 251)
   defining Unicode char U+00FC (decimal 252)
   defining Unicode char U+00FD (decimal 253)
   defining Unicode char U+00FE (decimal 254)
   defining Unicode char U+00FF (decimal 255)
   defining Unicode char U+0100 (decimal 256)
   defining Unicode char U+0101 (decimal 257)
   defining Unicode char U+0102 (decimal 258)
   defining Unicode char U+0103 (decimal 259)
   defining Unicode char U+0104 (decimal 260)
   defining Unicode char U+0105 (decimal 261)
   defining Unicode char U+0106 (decimal 262)
   defining Unicode char U+0107 (decimal 263)
   defining Unicode char U+0108 (decimal 264)
   defining Unicode char U+0109 (decimal 265)
   defining Unicode char U+010A (decimal 266)
   defining Unicode char U+010B (decimal 267)
   defining Unicode char U+010C (decimal 268)
   defining Unicode char U+010D (decimal 269)
   defining Unicode char U+010E (decimal 270)
   defining Unicode char U+010F (decimal 271)
   defining Unicode char U+0110 (decimal 272)
   defining Unicode char U+0111 (decimal 273)
   defining Unicode char U+0112 (decimal 274)
   defining Unicode char U+0113 (decimal 275)
   defining Unicode char U+0114 (decimal 276)
   defining Unicode char U+0115 (decimal 277)
   defining Unicode char U+0116 (decimal 278)
   defining Unicode char U+0117 (decimal 279)
   defining Unicode char U+0118 (decimal 280)
   defining Unicode char U+0119 (decimal 281)
   defining Unicode char U+011A (decimal 282)
   defining Unicode char U+011B (decimal 283)
   defining Unicode char U+011C (decimal 284)
   defining Unicode char U+011D (decimal 285)
   defining Unicode char U+011E (decimal 286)
   defining Unicode char U+011F (decimal 287)
   defining Unicode char U+0120 (decimal 288)
   defining Unicode char U+0121 (decimal 289)
   defining Unicode char U+0122 (decimal 290)
   defining Unicode char U+0123 (decimal 291)
   defining Unicode char U+0124 (decimal 292)
   defining Unicode char U+0125 (decimal 293)
   defining Unicode char U+0128 (decimal 296)
   defining Unicode char U+0129 (decimal 297)
   defining Unicode char U+012A (decimal 298)
   defining Unicode char U+012B (decimal 299)
   defining Unicode char U+012C (decimal 300)
   defining Unicode char U+012D (decimal 301)
   defining Unicode char U+012E (decimal 302)
   defining Unicode char U+012F (decimal 303)
   defining Unicode char U+0130 (decimal 304)
   defining Unicode char U+0131 (decimal 305)
   defining Unicode char U+0132 (decimal 306)
   defining Unicode char U+0133 (decimal 307)
   defining Unicode char U+0134 (decimal 308)
   defining Unicode char U+0135 (decimal 309)
   defining Unicode char U+0136 (decimal 310)
   defining Unicode char U+0137 (decimal 311)
   defining Unicode char U+0139 (decimal 313)
   defining Unicode char U+013A (decimal 314)
   defining Unicode char U+013B (decimal 315)
   defining Unicode char U+013C (decimal 316)
   defining Unicode char U+013D (decimal 317)
   defining Unicode char U+013E (decimal 318)
   defining Unicode char U+0141 (decimal 321)
   defining Unicode char U+0142 (decimal 322)
   defining Unicode char U+0143 (decimal 323)
   defining Unicode char U+0144 (decimal 324)
   defining Unicode char U+0145 (decimal 325)
   defining Unicode char U+0146 (decimal 326)
   defining Unicode char U+0147 (decimal 327)
   defining Unicode char U+0148 (decimal 328)
   defining Unicode char U+014A (decimal 330)
   defining Unicode char U+014B (decimal 331)
   defining Unicode char U+014C (decimal 332)
   defining Unicode char U+014D (decimal 333)
   defining Unicode char U+014E (decimal 334)
   defining Unicode char U+014F (decimal 335)
   defining Unicode char U+0150 (decimal 336)
   defining Unicode char U+0151 (decimal 337)
   defining Unicode char U+0152 (decimal 338)
   defining Unicode char U+0153 (decimal 339)
   defining Unicode char U+0154 (decimal 340)
   defining Unicode char U+0155 (decimal 341)
   defining Unicode char U+0156 (decimal 342)
   defining Unicode char U+0157 (decimal 343)
   defining Unicode char U+0158 (decimal 344)
   defining Unicode char U+0159 (decimal 345)
   defining Unicode char U+015A (decimal 346)
   defining Unicode char U+015B (decimal 347)
   defining Unicode char U+015C (decimal 348)
   defining Unicode char U+015D (decimal 349)
   defining Unicode char U+015E (decimal 350)
   defining Unicode char U+015F (decimal 351)
   defining Unicode char U+0160 (decimal 352)
   defining Unicode char U+0161 (decimal 353)
   defining Unicode char U+0162 (decimal 354)
   defining Unicode char U+0163 (decimal 355)
   defining Unicode char U+0164 (decimal 356)
   defining Unicode char U+0165 (decimal 357)
   defining Unicode char U+0168 (decimal 360)
   defining Unicode char U+0169 (decimal 361)
   defining Unicode char U+016A (decimal 362)
   defining Unicode char U+016B (decimal 363)
   defining Unicode char U+016C (decimal 364)
   defining Unicode char U+016D (decimal 365)
   defining Unicode char U+016E (decimal 366)
   defining Unicode char U+016F (decimal 367)
   defining Unicode char U+0170 (decimal 368)
   defining Unicode char U+0171 (decimal 369)
   defining Unicode char U+0172 (decimal 370)
   defining Unicode char U+0173 (decimal 371)
   defining Unicode char U+0174 (decimal 372)
   defining Unicode char U+0175 (decimal 373)
   defining Unicode char U+0176 (decimal 374)
   defining Unicode char U+0177 (decimal 375)
   defining Unicode char U+0178 (decimal 376)
   defining Unicode char U+0179 (decimal 377)
   defining Unicode char U+017A (decimal 378)
   defining Unicode char U+017B (decimal 379)
   defining Unicode char U+017C (decimal 380)
   defining Unicode char U+017D (decimal 381)
   defining Unicode char U+017E (decimal 382)
   defining Unicode char U+01CD (decimal 461)
   defining Unicode char U+01CE (decimal 462)
   defining Unicode char U+01CF (decimal 463)
   defining Unicode char U+01D0 (decimal 464)
   defining Unicode char U+01D1 (decimal 465)
   defining Unicode char U+01D2 (decimal 466)
   defining Unicode char U+01D3 (decimal 467)
   defining Unicode char U+01D4 (decimal 468)
   defining Unicode char U+01E2 (decimal 482)
   defining Unicode char U+01E3 (decimal 483)
   defining Unicode char U+01E6 (decimal 486)
   defining Unicode char U+01E7 (decimal 487)
   defining Unicode char U+01E8 (decimal 488)
   defining Unicode char U+01E9 (decimal 489)
   defining Unicode char U+01EA (decimal 490)
   defining Unicode char U+01EB (decimal 491)
   defining Unicode char U+01F0 (decimal 496)
   defining Unicode char U+01F4 (decimal 500)
   defining Unicode char U+01F5 (decimal 501)
   defining Unicode char U+0218 (decimal 536)
   defining Unicode char U+0219 (decimal 537)
   defining Unicode char U+021A (decimal 538)
   defining Unicode char U+021B (decimal 539)
   defining Unicode char U+0232 (decimal 562)
   defining Unicode char U+0233 (decimal 563)
   defining Unicode char U+1E02 (decimal 7682)
   defining Unicode char U+1E03 (decimal 7683)
   defining Unicode char U+200C (decimal 8204)
   defining Unicode char U+2010 (decimal 8208)
   defining Unicode char U+2011 (decimal 8209)
   defining Unicode char U+2012 (decimal 8210)
   defining Unicode char U+2013 (decimal 8211)
   defining Unicode char U+2014 (decimal 8212)
   defining Unicode char U+2015 (decimal 8213)
   defining Unicode char U+2018 (decimal 8216)
   defining Unicode char U+2019 (decimal 8217)
   defining Unicode char U+201A (decimal 8218)
   defining Unicode char U+201C (decimal 8220)
   defining Unicode char U+201D (decimal 8221)
   defining Unicode char U+201E (decimal 8222)
   defining Unicode char U+2030 (decimal 8240)
   defining Unicode char U+2031 (decimal 8241)
   defining Unicode char U+2039 (decimal 8249)
   defining Unicode char U+203A (decimal 8250)
   defining Unicode char U+2423 (decimal 9251)
   defining Unicode char U+1E20 (decimal 7712)
   defining Unicode char U+1E21 (decimal 7713)
)
Now handling font encoding OT1 ...
... processing UTF-8 mapping file for font encoding OT1

("C:\Users\Richard\AppData\Local\Programs\MiKTeX 2.9\tex\latex\base\ot1enc.dfu"
File: ot1enc.dfu 2017/01/28 v1.1t UTF-8 support for inputenc
   defining Unicode char U+00A0 (decimal 160)
   defining Unicode char U+00A1 (decimal 161)
   defining Unicode char U+00A3 (decimal 163)
   defining Unicode char U+00AD (decimal 173)
   defining Unicode char U+00B8 (decimal 184)
   defining Unicode char U+00BF (decimal 191)
   defining Unicode char U+00C5 (decimal 197)
   defining Unicode char U+00C6 (decimal 198)
   defining Unicode char U+00D8 (decimal 216)
   defining Unicode char U+00DF (decimal 223)
   defining Unicode char U+00E6 (decimal 230)
   defining Unicode char U+00EC (decimal 236)
   defining Unicode char U+00ED (decimal 237)
   defining Unicode char U+00EE (decimal 238)
   defining Unicode char U+00EF (decimal 239)
   defining Unicode char U+00F8 (decimal 248)
   defining Unicode char U+0131 (decimal 305)
   defining Unicode char U+0141 (decimal 321)
   defining Unicode char U+0142 (decimal 322)
   defining Unicode char U+0152 (decimal 338)
   defining Unicode char U+0153 (decimal 339)
   defining Unicode char U+0174 (decimal 372)
   defining Unicode char U+0175 (decimal 373)
   defining Unicode char U+0176 (decimal 374)
   defining Unicode char U+0177 (decimal 375)
   defining Unicode char U+0218 (decimal 536)
   defining Unicode char U+0219 (decimal 537)
   defining Unicode char U+021A (decimal 538)
   defining Unicode char U+021B (decimal 539)
   defining Unicode char U+2013 (decimal 8211)
   defining Unicode char U+2014 (decimal 8212)
   defining Unicode char U+2018 (decimal 8216)
   defining Unicode char U+2019 (decimal 8217)
   defining Unicode char U+201C (decimal 8220)
   defining Unicode char U+201D (decimal 8221)
)
Now handling font encoding OMS ...
... processing UTF-8 mapping file for font encoding OMS
 ("C:\Users\Richard\AppData\Local\Programs\MiKTeX 2.9\tex\latex\base\omsenc.dfu
"
File: omsenc.dfu 2017/01/28 v1.1t UTF-8 support for inputenc
   defining Unicode char U+00A7 (decimal 167)
   defining Unicode char U+00B6 (decimal 182)
   defining Unicode char U+00B7 (decimal 183)
   defining Unicode char U+2020 (decimal 8224)
   defining Unicode char U+2021 (decimal 8225)
   defining Unicode char U+2022 (decimal 8226)
)
Now handling font encoding OMX ...
... no UTF-8 mapping file for font encoding OMX
Now handling font encoding U ...
... no UTF-8 mapping file for font encoding U
   defining Unicode char U+00A9 (decimal 169)
   defining Unicode char U+00AA (decimal 170)
   defining Unicode char U+00AE (decimal 174)
   defining Unicode char U+00BA (decimal 186)
   defining Unicode char U+02C6 (decimal 710)
   defining Unicode char U+02DC (decimal 732)
   defining Unicode char U+200C (decimal 8204)
   defining Unicode char U+2026 (decimal 8230)
   defining Unicode char U+2122 (decimal 8482)
   defining Unicode char U+2423 (decimal 9251)
))
("C:\Users\Richard\AppData\Local\Programs\MiKTeX 2.9\tex\latex\crop\crop.sty"
Package: crop 2003/05/20 v1.9 crop marks (mf)
\stockwidth=\dimen102
\stockheight=\dimen103
\CROP@index=\count79

("C:\Users\Richard\AppData\Local\Programs\MiKTeX 2.9\tex\latex\graphics\color.s
ty"
Package: color 2016/07/10 v1.1e Standard LaTeX Color (DPC)

("C:\Users\Richard\AppData\Local\Programs\MiKTeX 2.9\tex\latex\graphics-cfg\col
or.cfg"
File: color.cfg 2016/01/02 v1.6 sample color configuration
)
Package color Info: Driver file: pdftex.def on input line 147.

("C:\Users\Richard\AppData\Local\Programs\MiKTeX 2.9\tex\latex\graphics-def\pdf
tex.def"
File: pdftex.def 2018/01/08 v1.0l Graphics/color driver for pdftex
))
("C:\Users\Richard\AppData\Local\Programs\MiKTeX 2.9\tex\latex\graphics\graphic
s.sty"
Package: graphics 2017/06/25 v1.2c Standard LaTeX Graphics (DPC,SPQR)

("C:\Users\Richard\AppData\Local\Programs\MiKTeX 2.9\tex\latex\graphics\trig.st
y"
Package: trig 2016/01/03 v1.10 sin cos tan (DPC)
)
("C:\Users\Richard\AppData\Local\Programs\MiKTeX 2.9\tex\latex\graphics-cfg\gra
phics.cfg"
File: graphics.cfg 2016/06/04 v1.11 sample graphics configuration
)
Package graphics Info: Driver file: pdftex.def on input line 99.
)
\CROP@offset=\count80
Package crop Info: Local config file crop.cfg used on input line 605.

("C:\Users\Richard\AppData\Local\Programs\MiKTeX 2.9\tex\xelatex\xetexconfig\cr
op.cfg"))
("C:\Users\Richard\AppData\Local\Programs\MiKTeX 2.9\tex\latex\graphics\graphic
x.sty"
Package: graphicx 2017/06/01 v1.1a Enhanced LaTeX Graphics (DPC,SPQR)

("C:\Users\Richard\AppData\Local\Programs\MiKTeX 2.9\tex\latex\graphics\keyval.
sty"
Package: keyval 2014/10/28 v1.15 key=value parser (DPC)
\KV@toks@=\toks16
)
\Gin@req@height=\dimen104
\Gin@req@width=\dimen105
)
("C:\Users\Richard\AppData\Local\Programs\MiKTeX 2.9\tex\latex\amsmath\amsmath.
sty"
Package: amsmath 2017/09/02 v2.17a AMS math features
\@mathmargin=\skip41

For additional information on amsmath, use the `?' option.

("C:\Users\Richard\AppData\Local\Programs\MiKTeX 2.9\tex\latex\amsmath\amstext.
sty"
Package: amstext 2000/06/29 v2.01 AMS text

("C:\Users\Richard\AppData\Local\Programs\MiKTeX 2.9\tex\latex\amsmath\amsgen.s
ty"
File: amsgen.sty 1999/11/30 v2.0 generic functions
\@emptytoks=\toks17
\ex@=\dimen106
))
("C:\Users\Richard\AppData\Local\Programs\MiKTeX 2.9\tex\latex\amsmath\amsbsy.s
ty"
Package: amsbsy 1999/11/29 v1.2d Bold Symbols
\pmbraise@=\dimen107
)
("C:\Users\Richard\AppData\Local\Programs\MiKTeX 2.9\tex\latex\amsmath\amsopn.s
ty"
Package: amsopn 2016/03/08 v2.02 operator names
)
\inf@bad=\count81
LaTeX Info: Redefining \frac on input line 213.
\uproot@=\count82
\leftroot@=\count83
LaTeX Info: Redefining \overline on input line 375.
\classnum@=\count84
\DOTSCASE@=\count85
LaTeX Info: Redefining \ldots on input line 472.
LaTeX Info: Redefining \dots on input line 475.
LaTeX Info: Redefining \cdots on input line 596.
\Mathstrutbox@=\box26
\strutbox@=\box27
\big@size=\dimen108
LaTeX Font Info:    Redeclaring font encoding OML on input line 712.
LaTeX Font Info:    Redeclaring font encoding OMS on input line 713.
\macc@depth=\count86
\c@MaxMatrixCols=\count87
\dotsspace@=\muskip10
\c@parentequation=\count88
\dspbrk@lvl=\count89
\tag@help=\toks18
\row@=\count90
\column@=\count91
\maxfields@=\count92
\andhelp@=\toks19
\eqnshift@=\dimen109
\alignsep@=\dimen110
\tagshift@=\dimen111
\tagwidth@=\dimen112
\totwidth@=\dimen113
\lineht@=\dimen114
\@envbody=\toks20
\multlinegap=\skip42
\multlinetaggap=\skip43
\mathdisplay@stack=\toks21
LaTeX Info: Redefining \[ on input line 2817.
LaTeX Info: Redefining \] on input line 2818.
)
("C:\Users\Richard\AppData\Local\Programs\MiKTeX 2.9\tex\latex\tools\array.sty"
Package: array 2016/10/06 v2.4d Tabular extension package (FMi)
\col@sep=\dimen115
\extrarowheight=\dimen116
\NC@list=\toks22
\extratabsurround=\skip44
\backup@length=\skip45
)
("C:\Users\Richard\AppData\Local\Programs\MiKTeX 2.9\tex\latex\amsfonts\amssymb
.sty"
Package: amssymb 2013/01/14 v3.01 AMS font symbols

("C:\Users\Richard\AppData\Local\Programs\MiKTeX 2.9\tex\latex\amsfonts\amsfont
s.sty"
Package: amsfonts 2013/01/14 v3.01 Basic AMSFonts support
\symAMSa=\mathgroup4
\symAMSb=\mathgroup5
LaTeX Font Info:    Overwriting math alphabet `\mathfrak' in version `bold'
(Font)                  U/euf/m/n --> U/euf/b/n on input line 106.
))
("C:\Users\Richard\AppData\Local\Programs\MiKTeX 2.9\tex\latex\sttools\flushend
.sty"
Package: flushend 2017/03/27 v3.3 Balancing columns in twocolumn mode
\flushend@@lastskip@a=\skip46
\flushend@@lastskip@b=\skip47
\flushend@@lastskip@c=\skip48
\flushend@@penalty@a=\count93
\flushend@@lastkern@a=\dimen117
\var@@temp@spread=\dimen118
\var@@temp@a=\dimen119
\flushend@@page@rule=\dimen120
\flushend@@varbox@a=\box28
\flushend@@varbox@c=\box29
\flushend@@tempbox@a=\box30
\flushend@@tempbox@c=\box31
\@viper=\box32
\hold@viper=\box33
\atColsBreak=\toks23
\atColsEnd=\toks24

("C:\Users\Richard\AppData\Local\Programs\MiKTeX 2.9\tex\latex\etoolbox\etoolbo
x.sty"
Package: etoolbox 2018/02/11 v2.5e e-TeX tools for LaTeX (JAW)
\etb@tempcnta=\count94
)) (stfloats.sty
Package: stfloats 1999/10/22
\@dblbotnum=\count95
\c@dblbotnumber=\count96
)
("C:\Users\Richard\AppData\Local\Programs\MiKTeX 2.9\tex\latex\amscls\amsthm.st
y"
Package: amsthm 2017/10/31 v2.20.4
\thm@style=\toks25
\thm@bodyfont=\toks26
\thm@headfont=\toks27
\thm@notefont=\toks28
\thm@headpunct=\toks29
\thm@preskip=\skip49
\thm@postskip=\skip50
\thm@headsep=\skip51
\dth@everypar=\toks30
)
("C:\Users\Richard\AppData\Local\Programs\MiKTeX 2.9\tex\latex\ltxmisc\chngpage
.sty"
Package: chngpage 2003/08/10 v1.2 change page layout
\c@cp@cnt=\count97
\c@cp@tempcnt=\count98
)
("C:\Users\Richard\AppData\Local\Programs\MiKTeX 2.9\tex\latex\psnfss\times.sty
"
Package: times 2005/04/12 PSNFSS-v9.2a (SPQR) 
)
("C:\Users\Richard\AppData\Local\Programs\MiKTeX 2.9\tex\latex\datetime\datetim
e.sty"
Package: datetime 2015/03/20 v2.60 Date Time Package

("C:\Users\Richard\AppData\Local\Programs\MiKTeX 2.9\tex\latex\fmtcount\fmtcoun
t.sty"
Package: fmtcount 2017/12/24 v3.05

("C:\Users\Richard\AppData\Local\Programs\MiKTeX 2.9\tex\latex\base\ifthen.sty"
Package: ifthen 2014/09/29 v1.1c Standard LaTeX ifthen package (DPC)
)
("C:\Users\Richard\AppData\Local\Programs\MiKTeX 2.9\tex\latex\xkeyval\xkeyval.
sty"
Package: xkeyval 2014/12/03 v2.7a package option processing (HA)

("C:\Users\Richard\AppData\Local\Programs\MiKTeX 2.9\tex\generic\xkeyval\xkeyva
l.tex"
("C:\Users\Richard\AppData\Local\Programs\MiKTeX 2.9\tex\generic\xkeyval\xkvuti
ls.tex"
\XKV@toks=\toks31
\XKV@tempa@toks=\toks32
)
\XKV@depth=\count99
File: xkeyval.tex 2014/12/03 v2.7a key=value parser (HA)
))
("C:\Users\Richard\AppData\Local\Programs\MiKTeX 2.9\tex\latex\fmtcount\fcprefi
x.sty"
Package: fcprefix 2012/09/28

("C:\Users\Richard\AppData\Local\Programs\MiKTeX 2.9\tex\latex\fmtcount\fcnumpa
rser.sty"
Package: fcnumparser 2017/06/15
\fc@digit@counter=\count100
))
\c@padzeroesN=\count101
\fc@tmpcatcode=\count102
\@DT@modctr=\count103
\@ordinalctr=\count104
\@orgargctr=\count105
\@strctr=\count106
\@tmpstrctr=\count107
\@DT@loopN=\count108
\@DT@X=\count109
)
("C:\Users\Richard\AppData\Local\Programs\MiKTeX 2.9\tex\latex\datetime\datetim
e-defaults.sty"
Package: datetime-defaults 2013/09/10
)
\@day=\count110
\@month=\count111
\@year=\count112
\c@HOUR=\count113
\c@HOURXII=\count114
\c@MINUTE=\count115
\c@TOHOUR=\count116
\c@TOMINUTE=\count117
\c@SECOND=\count118
\currenthour=\count119
\currentminute=\count120
\currentsecond=\count121
Package datetime Info: No datetime.cfg file found, using default settings on in
put line 308.
\@dtctr=\count122
\dayofyear=\count123
\dayofweek=\count124
\dt@a=\toks33
\dt@b=\toks34
)
("C:\Users\Richard\AppData\Local\Programs\MiKTeX 2.9\tex\latex\ltxmisc\parskip.
sty"
Package: parskip 2001/04/09 non-zero parskip adjustments
)
("C:\Users\Richard\AppData\Local\Programs\MiKTeX 2.9\tex\latex\oberdiek\epstopd
f.sty"
Package: epstopdf 2016/05/15 v2.6 Conversion with epstopdf on the fly (HO)

("C:\Users\Richard\AppData\Local\Programs\MiKTeX 2.9\tex\latex\oberdiek\epstopd
f-base.sty"
Package: epstopdf-base 2016/05/15 v2.6 Base part for package epstopdf

("C:\Users\Richard\AppData\Local\Programs\MiKTeX 2.9\tex\generic\oberdiek\infwa
rerr.sty"
Package: infwarerr 2016/05/16 v1.4 Providing info/warning/error messages (HO)
)
("C:\Users\Richard\AppData\Local\Programs\MiKTeX 2.9\tex\latex\oberdiek\grfext.
sty"
Package: grfext 2016/05/16 v1.2 Manage graphics extensions (HO)

("C:\Users\Richard\AppData\Local\Programs\MiKTeX 2.9\tex\generic\oberdiek\kvdef
inekeys.sty"
Package: kvdefinekeys 2016/05/16 v1.4 Define keys (HO)

("C:\Users\Richard\AppData\Local\Programs\MiKTeX 2.9\tex\generic\oberdiek\ltxcm
ds.sty"
Package: ltxcmds 2016/05/16 v1.23 LaTeX kernel commands for general use (HO)
)))
("C:\Users\Richard\AppData\Local\Programs\MiKTeX 2.9\tex\latex\oberdiek\kvoptio
ns.sty"
Package: kvoptions 2016/05/16 v3.12 Key value format for package options (HO)

("C:\Users\Richard\AppData\Local\Programs\MiKTeX 2.9\tex\generic\oberdiek\kvset
keys.sty"
Package: kvsetkeys 2016/05/16 v1.17 Key value parser (HO)

("C:\Users\Richard\AppData\Local\Programs\MiKTeX 2.9\tex\generic\oberdiek\etexc
mds.sty"
Package: etexcmds 2016/05/16 v1.6 Avoid name clashes with e-TeX commands (HO)

("C:\Users\Richard\AppData\Local\Programs\MiKTeX 2.9\tex\generic\oberdiek\iflua
tex.sty"
Package: ifluatex 2016/05/16 v1.4 Provides the ifluatex switch (HO)
Package ifluatex Info: LuaTeX not detected.
)
Package etexcmds Info: Could not find \expanded.
(etexcmds)             That can mean that you are not using pdfTeX 1.50 or
(etexcmds)             that some package has redefined \expanded.
(etexcmds)             In the latter case, load this package earlier.
)))
("C:\Users\Richard\AppData\Local\Programs\MiKTeX 2.9\tex\generic\oberdiek\pdfte
xcmds.sty"
Package: pdftexcmds 2018/01/21 v0.26 Utility functions of pdfTeX for LuaTeX (HO
)

("C:\Users\Richard\AppData\Local\Programs\MiKTeX 2.9\tex\generic\oberdiek\ifpdf
.sty"
Package: ifpdf 2017/03/15 v3.2 Provides the ifpdf switch
)
Package pdftexcmds Info: LuaTeX not detected.
Package pdftexcmds Info: \pdf@primitive is available.
Package pdftexcmds Info: \pdf@ifprimitive is available.
Package pdftexcmds Info: \pdfdraftmode found.
)
Package epstopdf-base Info: Redefining graphics rule for `.eps' on input line 4
38.
Package grfext Info: Graphics extension search list:
(grfext)             [.pdf,.png,.jpg,.mps,.jpeg,.jbig2,.jb2,.PDF,.PNG,.JPG,.JPE
G,.JBIG2,.JB2,.eps]
(grfext)             \AppendGraphicsExtensions on input line 456.
))
("C:\Users\Richard\AppData\Local\Programs\MiKTeX 2.9\tex\latex\xcolor\xcolor.st
y"
Package: xcolor 2016/05/11 v2.12 LaTeX color extensions (UK)

("C:\Users\Richard\AppData\Local\Programs\MiKTeX 2.9\tex\latex\graphics-cfg\col
or.cfg"
File: color.cfg 2016/01/02 v1.6 sample color configuration
)
Package xcolor Info: Package option `usenames' ignored on input line 216.
Package xcolor Info: Driver file: pdftex.def on input line 225.
LaTeX Info: Redefining \color on input line 709.
Package xcolor Info: Model `cmy' substituted by `cmy0' on input line 1348.
Package xcolor Info: Model `hsb' substituted by `rgb' on input line 1352.
Package xcolor Info: Model `RGB' extended on input line 1364.
Package xcolor Info: Model `HTML' substituted by `rgb' on input line 1366.
Package xcolor Info: Model `Hsb' substituted by `hsb' on input line 1367.
Package xcolor Info: Model `tHsb' substituted by `hsb' on input line 1368.
Package xcolor Info: Model `HSB' substituted by `hsb' on input line 1369.
Package xcolor Info: Model `Gray' substituted by `gray' on input line 1370.
Package xcolor Info: Model `wave' substituted by `hsb' on input line 1371.

("C:\Users\Richard\AppData\Local\Programs\MiKTeX 2.9\tex\latex\graphics\dvipsna
m.def"
File: dvipsnam.def 2016/06/17 v3.0m Driver-dependent file (DPC,SPQR)
))
("C:\Users\Richard\AppData\Local\Programs\MiKTeX 2.9\tex\latex\caption\caption.
sty"
Package: caption 2018/05/01 v3.3-147 Customizing captions (AR)

("C:\Users\Richard\AppData\Local\Programs\MiKTeX 2.9\tex\latex\caption\caption3
.sty"
Package: caption3 2018/05/27 v1.8a caption3 kernel (AR)
Package caption3 Info: TeX engine: e-TeX on input line 64.
\captionmargin=\dimen121
\captionmargin@=\dimen122
\captionwidth=\dimen123
\caption@tempdima=\dimen124
\caption@indent=\dimen125
\caption@parindent=\dimen126
\caption@hangindent=\dimen127
\abovecaptionskip=\skip52
\belowcaptionskip=\skip53
Package caption Info: Unknown document class (or package),
(caption)             standard defaults will be used.
)

Package caption Warning: Unsupported document class (or package) detected,
(caption)                usage of the caption package is not recommended.
See the caption package documentation for explanation.

Package caption Info: \@makecaption = undefined.
\c@ContinuedFloat=\count125
)
("C:\Users\Richard\AppData\Local\Programs\MiKTeX 2.9\tex\latex\caption\subcapti
on.sty"
Package: subcaption 2018/05/01 v1.1-162 Sub-captions (AR)
)
\c@section=\count126
\c@subsection=\count127
\c@subsubsection=\count128
\c@paragraph=\count129
\c@subparagraph=\count130
\c@figure=\count131
\c@subfigure=\count132
\c@table=\count133
\dropfromtop=\skip54
\extraspace=\skip55
\aboveskipchk=\skip56
\rotdimen=\dimen128
\tempdime=\dimen129
\temptbox=\box34

("C:\Users\Richard\AppData\Local\Programs\MiKTeX 2.9\tex\latex\natbib\natbib.st
y"
Package: natbib 2010/09/13 8.31b (PWD, AO)
\bibhang=\skip57
\bibsep=\skip58
LaTeX Info: Redefining \cite on input line 694.
\c@NAT@ctr=\count134
)) ("C:\Users\Richard\AppData\Local\Programs\MiKTeX 2.9\tex\latex\url\url.sty"
\Urlmuskip=\muskip11
Package: url 2013/09/16  ver 3.4  Verb mode for urls, etc.
)
("C:\Users\Richard\AppData\Local\Programs\MiKTeX 2.9\tex\latex\hyperref\hyperre
f.sty"
Package: hyperref 2018/02/06 v6.86b Hypertext links for LaTeX

("C:\Users\Richard\AppData\Local\Programs\MiKTeX 2.9\tex\generic\oberdiek\hobsu
b-hyperref.sty"
Package: hobsub-hyperref 2016/05/16 v1.14 Bundle oberdiek, subset hyperref (HO)


("C:\Users\Richard\AppData\Local\Programs\MiKTeX 2.9\tex\generic\oberdiek\hobsu
b-generic.sty"
Package: hobsub-generic 2016/05/16 v1.14 Bundle oberdiek, subset generic (HO)
Package: hobsub 2016/05/16 v1.14 Construct package bundles (HO)
Package hobsub Info: Skipping package `infwarerr' (already loaded).
Package hobsub Info: Skipping package `ltxcmds' (already loaded).
Package hobsub Info: Skipping package `ifluatex' (already loaded).
Package: ifvtex 2016/05/16 v1.6 Detect VTeX and its facilities (HO)
Package ifvtex Info: VTeX not detected.
Package: intcalc 2016/05/16 v1.2 Expandable calculations with integers (HO)
Package hobsub Info: Skipping package `ifpdf' (already loaded).
Package hobsub Info: Skipping package `etexcmds' (already loaded).
Package hobsub Info: Skipping package `kvsetkeys' (already loaded).
Package hobsub Info: Skipping package `kvdefinekeys' (already loaded).
Package hobsub Info: Skipping package `pdftexcmds' (already loaded).
Package: pdfescape 2016/05/16 v1.14 Implements pdfTeX's escape features (HO)
Package: bigintcalc 2016/05/16 v1.4 Expandable calculations on big integers (HO
)
Package: bitset 2016/05/16 v1.2 Handle bit-vector datatype (HO)
Package: uniquecounter 2016/05/16 v1.3 Provide unlimited unique counter (HO)
)
Package hobsub Info: Skipping package `hobsub' (already loaded).
Package: letltxmacro 2016/05/16 v1.5 Let assignment for LaTeX macros (HO)
Package: hopatch 2016/05/16 v1.3 Wrapper for package hooks (HO)
Package: xcolor-patch 2016/05/16 xcolor patch
Package: atveryend 2016/05/16 v1.9 Hooks at the very end of document (HO)
Package: atbegshi 2016/06/09 v1.18 At begin shipout hook (HO)
Package atbegshi Info: Package `crop' patched.
Package: refcount 2016/05/16 v3.5 Data extraction from label references (HO)
Package: hycolor 2016/05/16 v1.8 Color options for hyperref/bookmark (HO)
)
("C:\Users\Richard\AppData\Local\Programs\MiKTeX 2.9\tex\generic\ifxetex\ifxete
x.sty"
Package: ifxetex 2010/09/12 v0.6 Provides ifxetex conditional
)
("C:\Users\Richard\AppData\Local\Programs\MiKTeX 2.9\tex\latex\oberdiek\auxhook
.sty"
Package: auxhook 2016/05/16 v1.4 Hooks for auxiliary files (HO)
)
\@linkdim=\dimen130
\Hy@linkcounter=\count135
\Hy@pagecounter=\count136

("C:\Users\Richard\AppData\Local\Programs\MiKTeX 2.9\tex\latex\hyperref\pd1enc.
def"
File: pd1enc.def 2018/02/06 v6.86b Hyperref: PDFDocEncoding definition (HO)
Now handling font encoding PD1 ...
... no UTF-8 mapping file for font encoding PD1
)
\Hy@SavedSpaceFactor=\count137

("C:\Users\Richard\AppData\Local\Programs\MiKTeX 2.9\tex\latex\00miktex\hyperre
f.cfg"
File: hyperref.cfg 2002/06/06 v1.2 hyperref configuration of TeXLive
)
Package hyperref Info: Hyper figures OFF on input line 4509.
Package hyperref Info: Link nesting OFF on input line 4514.
Package hyperref Info: Hyper index ON on input line 4517.
Package hyperref Info: Plain pages OFF on input line 4524.
Package hyperref Info: Backreferencing OFF on input line 4529.
Package hyperref Info: Implicit mode ON; LaTeX internals redefined.
Package hyperref Info: Bookmarks ON on input line 4762.
LaTeX Info: Redefining \href on input line 5026.
\c@Hy@tempcnt=\count138
LaTeX Info: Redefining \url on input line 5115.
\XeTeXLinkMargin=\dimen131
\Fld@menulength=\count139
\Field@Width=\dimen132
\Fld@charsize=\dimen133
Package hyperref Info: Hyper figures OFF on input line 6369.
Package hyperref Info: Link nesting OFF on input line 6374.
Package hyperref Info: Hyper index ON on input line 6377.
Package hyperref Info: backreferencing OFF on input line 6384.
Package hyperref Info: Link coloring OFF on input line 6389.
Package hyperref Info: Link coloring with OCG OFF on input line 6394.
Package hyperref Info: PDF/A mode OFF on input line 6399.
LaTeX Info: Redefining \ref on input line 6439.
LaTeX Info: Redefining \pageref on input line 6443.
\Hy@abspage=\count140
\c@Item=\count141
\c@Hfootnote=\count142
)
Package hyperref Info: Driver (autodetected): hpdftex.

("C:\Users\Richard\AppData\Local\Programs\MiKTeX 2.9\tex\latex\hyperref\hpdftex
.def"
File: hpdftex.def 2018/02/06 v6.86b Hyperref driver for pdfTeX
\Fld@listcount=\count143
\c@bookmark@seq@number=\count144

("C:\Users\Richard\AppData\Local\Programs\MiKTeX 2.9\tex\latex\oberdiek\rerunfi
lecheck.sty"
Package: rerunfilecheck 2016/05/16 v1.8 Rerun checks for auxiliary files (HO)
Package uniquecounter Info: New unique counter `rerunfilecheck' on input line 2
82.
)
\Hy@SectionHShift=\skip59
)
("C:\Users\Richard\AppData\Local\Programs\MiKTeX 2.9\tex\latex\lineno\lineno.st
y"
Package: lineno 2005/11/02 line numbers on paragraphs v4.41
\linenopenalty=\count145
\output=\toks35
\linenoprevgraf=\count146
\linenumbersep=\dimen134
\linenumberwidth=\dimen135
\c@linenumber=\count147
\c@pagewiselinenumber=\count148
\c@LN@truepage=\count149
\c@internallinenumber=\count150
\c@internallinenumbers=\count151
\quotelinenumbersep=\dimen136
\bframerule=\dimen137
\bframesep=\dimen138
\bframebox=\box35
LaTeX Info: Redefining \\ on input line 3056.
)
("C:\Users\Richard\AppData\Local\Programs\MiKTeX 2.9\tex\latex\microtype\microt
ype.sty"
Package: microtype 2019/02/28 v2.7b Micro-typographical refinements (RS)
\MT@toks=\toks36
\MT@count=\count152
LaTeX Info: Redefining \textls on input line 790.
\MT@outer@kern=\dimen139
LaTeX Info: Redefining \textmicrotypecontext on input line 1336.
\MT@listname@count=\count153

("C:\Users\Richard\AppData\Local\Programs\MiKTeX 2.9\tex\latex\microtype\microt
ype-pdftex.def"
File: microtype-pdftex.def 2019/02/28 v2.7b Definitions specific to pdftex (RS)

LaTeX Info: Redefining \lsstyle on input line 914.
LaTeX Info: Redefining \lslig on input line 914.
\MT@outer@space=\skip60
)
Package microtype Info: Loading configuration file microtype.cfg.

("C:\Users\Richard\AppData\Local\Programs\MiKTeX 2.9\tex\latex\microtype\microt
ype.cfg"
File: microtype.cfg 2019/02/28 v2.7b microtype main configuration file (RS)
))
("C:\Users\Richard\AppData\Local\Programs\MiKTeX 2.9\tex\latex\setspace\setspac
e.sty"
Package: setspace 2011/12/19 v6.7a set line spacing
)
("C:\Users\Richard\AppData\Local\Programs\MiKTeX 2.9\tex\latex\siunitx\siunitx.
sty"
("C:\Users\Richard\AppData\Local\Programs\MiKTeX 2.9\tex\latex\l3kernel\expl3.s
ty"
Package: expl3 2018-06-01 L3 programming layer (loader) 

("C:\Users\Richard\AppData\Local\Programs\MiKTeX 2.9\tex\latex\l3kernel\expl3-c
ode.tex"
Package: expl3 2018-06-01 L3 programming layer (code)
\c_max_int=\count154
\l_tmpa_int=\count155
\l_tmpb_int=\count156
\g_tmpa_int=\count157
\g_tmpb_int=\count158
\g__kernel_prg_map_int=\count159
\c_log_iow=\count160
\l_iow_line_count_int=\count161
\l__iow_line_target_int=\count162
\l__iow_one_indent_int=\count163
\l__iow_indent_int=\count164
\c_zero_dim=\dimen140
\c_max_dim=\dimen141
\l_tmpa_dim=\dimen142
\l_tmpb_dim=\dimen143
\g_tmpa_dim=\dimen144
\g_tmpb_dim=\dimen145
\c_zero_skip=\skip61
\c_max_skip=\skip62
\l_tmpa_skip=\skip63
\l_tmpb_skip=\skip64
\g_tmpa_skip=\skip65
\g_tmpb_skip=\skip66
\c_zero_muskip=\muskip12
\c_max_muskip=\muskip13
\l_tmpa_muskip=\muskip14
\l_tmpb_muskip=\muskip15
\g_tmpa_muskip=\muskip16
\g_tmpb_muskip=\muskip17
\l_keys_choice_int=\count165
\l__intarray_loop_int=\count166
\c__intarray_sp_dim=\dimen146
\g__intarray_font_int=\count167
\c__fp_leading_shift_int=\count168
\c__fp_middle_shift_int=\count169
\c__fp_trailing_shift_int=\count170
\c__fp_big_leading_shift_int=\count171
\c__fp_big_middle_shift_int=\count172
\c__fp_big_trailing_shift_int=\count173
\c__fp_Bigg_leading_shift_int=\count174
\c__fp_Bigg_middle_shift_int=\count175
\c__fp_Bigg_trailing_shift_int=\count176
\c__kernel_randint_max_int=\count177
\g__fp_array_int=\count178
\l__fp_array_loop_int=\count179
\l__sort_length_int=\count180
\l__sort_min_int=\count181
\l__sort_top_int=\count182
\l__sort_max_int=\count183
\l__sort_true_max_int=\count184
\l__sort_block_int=\count185
\l__sort_begin_int=\count186
\l__sort_end_int=\count187
\l__sort_A_int=\count188
\l__sort_B_int=\count189
\l__sort_C_int=\count190
\l__tl_analysis_normal_int=\count191
\l__tl_analysis_index_int=\count192
\l__tl_analysis_nesting_int=\count193
\l__tl_analysis_type_int=\count194
\l__regex_internal_a_int=\count195
\l__regex_internal_b_int=\count196
\l__regex_internal_c_int=\count197
\l__regex_balance_int=\count198
\l__regex_group_level_int=\count199
\l__regex_mode_int=\count266
\c__regex_cs_in_class_mode_int=\count267
\c__regex_cs_mode_int=\count268
\l__regex_catcodes_int=\count269
\l__regex_default_catcodes_int=\count270
\c__regex_catcode_D_int=\count271
\c__regex_catcode_S_int=\count272
\c__regex_catcode_L_int=\count273
\c__regex_catcode_O_int=\count274
\c__regex_catcode_A_int=\count275
\c__regex_all_catcodes_int=\count276
\l__regex_show_lines_int=\count277
\l__regex_min_state_int=\count278
\l__regex_max_state_int=\count279
\l__regex_left_state_int=\count280
\l__regex_right_state_int=\count281
\l__regex_capturing_group_int=\count282
\l__regex_min_pos_int=\count283
\l__regex_max_pos_int=\count284
\l__regex_curr_pos_int=\count285
\l__regex_start_pos_int=\count286
\l__regex_success_pos_int=\count287
\l__regex_curr_char_int=\count288
\l__regex_curr_catcode_int=\count289
\l__regex_last_char_int=\count290
\l__regex_case_changed_char_int=\count291
\l__regex_curr_state_int=\count292
\l__regex_step_int=\count293
\l__regex_min_active_int=\count294
\l__regex_max_active_int=\count295
\l__regex_replacement_csnames_int=\count296
\l__regex_match_count_int=\count297
\l__regex_min_submatch_int=\count298
\l__regex_submatch_int=\count299
\l__regex_zeroth_submatch_int=\count300
\g__regex_trace_regex_int=\count301
\c_empty_box=\box36
\l_tmpa_box=\box37
\l_tmpb_box=\box38
\g_tmpa_box=\box39
\g_tmpb_box=\box40
\l__box_top_dim=\dimen147
\l__box_bottom_dim=\dimen148
\l__box_left_dim=\dimen149
\l__box_right_dim=\dimen150
\l__box_top_new_dim=\dimen151
\l__box_bottom_new_dim=\dimen152
\l__box_left_new_dim=\dimen153
\l__box_right_new_dim=\dimen154
\l__box_internal_box=\box41
\l__coffin_internal_box=\box42
\l__coffin_internal_dim=\dimen155
\l__coffin_offset_x_dim=\dimen156
\l__coffin_offset_y_dim=\dimen157
\l__coffin_x_dim=\dimen158
\l__coffin_y_dim=\dimen159
\l__coffin_x_prime_dim=\dimen160
\l__coffin_y_prime_dim=\dimen161
\c_empty_coffin=\box43
\l__coffin_aligned_coffin=\box44
\l__coffin_aligned_internal_coffin=\box45
\l_tmpa_coffin=\box46
\l_tmpb_coffin=\box47
\l__coffin_display_coffin=\box48
\l__coffin_display_coord_coffin=\box49
\l__coffin_display_pole_coffin=\box50
\l__coffin_display_offset_dim=\dimen162
\l__coffin_display_x_dim=\dimen163
\l__coffin_display_y_dim=\dimen164
\g__file_internal_ior=\read1
\l__coffin_bounding_shift_dim=\dimen165
\l__coffin_left_corner_dim=\dimen166
\l__coffin_right_corner_dim=\dimen167
\l__coffin_bottom_corner_dim=\dimen168
\l__coffin_top_corner_dim=\dimen169
\l__coffin_scaled_total_height_dim=\dimen170
\l__coffin_scaled_width_dim=\dimen171
\l__seq_internal_a_int=\count302
\l__seq_internal_b_int=\count303
)
("C:\Users\Richard\AppData\Local\Programs\MiKTeX 2.9\tex\latex\l3kernel\l3pdfmo
de.def"
File: l3pdfmode.def 2018-06-01 v L3 Experimental driver: PDF mode
\l__driver_color_stack_int=\count304
))
("C:\Users\Richard\AppData\Local\Programs\MiKTeX 2.9\tex\latex\l3packages\xpars
e\xparse.sty"
Package: xparse 2018-05-12 L3 Experimental document command parser
\l__xparse_current_arg_int=\count305
\g__xparse_grabber_int=\count306
\l__xparse_m_args_int=\count307
\l__xparse_mandatory_args_int=\count308
\l__xparse_v_nesting_int=\count309
)
Package: siunitx 2018/05/17 v2.7s A comprehensive (SI) units package

("C:\Users\Richard\AppData\Local\Programs\MiKTeX 2.9\tex\latex\l3packages\l3key
s2e\l3keys2e.sty"
Package: l3keys2e 2018-05-12 LaTeX2e option processing using LaTeX3 keys
)
\l__siunitx_tmp_box=\box51
\l__siunitx_tmp_dim=\dimen172
\l__siunitx_tmp_int=\count310
\l__siunitx_number_mantissa_length_int=\count311
\l__siunitx_number_uncert_length_int=\count312
\l__siunitx_round_int=\count313
\l__siunitx_process_decimal_int=\count314
\l__siunitx_process_uncertainty_int=\count315
\l__siunitx_process_fixed_int=\count316
\l__siunitx_process_integer_min_int=\count317
\l__siunitx_process_precision_int=\count318
\l__siunitx_group_min_int=\count319
\l__siunitx_angle_marker_box=\box52
\l__siunitx_angle_unit_box=\box53
\l__siunitx_angle_marker_dim=\dimen173
\l__siunitx_angle_unit_dim=\dimen174
\l__siunitx_unit_int=\count320
\l__siunitx_unit_denominator_int=\count321
\l__siunitx_unit_numerator_int=\count322
\l__siunitx_unit_prefix_int=\count323
\l__siunitx_unit_prefix_base_int=\count324
\l__siunitx_unit_prefix_gram_int=\count325
\l__siunitx_number_product_int=\count326
\c__siunitx_one_fill_skip=\skip67
\l__siunitx_table_unit_align_skip=\skip68
\l__siunitx_table_exponent_dim=\dimen175
\l__siunitx_table_integer_dim=\dimen176
\l__siunitx_table_mantissa_dim=\dimen177
\l__siunitx_table_marker_dim=\dimen178
\l__siunitx_table_result_dim=\dimen179
\l__siunitx_table_uncert_dim=\dimen180
\l__siunitx_table_fill_pre_dim=\dimen181
\l__siunitx_table_fill_post_dim=\dimen182
\l__siunitx_table_fill_mid_dim=\dimen183
\l__siunitx_table_pre_box=\box54
\l__siunitx_table_post_box=\box55
\l__siunitx_table_mantissa_box=\box56
\l__siunitx_table_result_box=\box57
\l__siunitx_table_number_align_skip=\skip69
\l__siunitx_table_text_align_skip=\skip70
.................................................
. LaTeX info: "xparse/define-command"
. 
. Defining command \DeclareBinaryPrefix with sig. 'mmm' on line 7237.
.................................................
.................................................
. LaTeX info: "xparse/define-command"
. 
. Defining command \DeclareSIPostPower with sig. 'mm' on line 7240.
.................................................
.................................................
. LaTeX info: "xparse/define-command"
. 
. Defining command \DeclareSIPrefix with sig. 'mmm' on line 7243.
.................................................
.................................................
. LaTeX info: "xparse/define-command"
. 
. Defining command \DeclareSIPrePower with sig. 'mm' on line 7246.
.................................................
.................................................
. LaTeX info: "xparse/define-command"
. 
. Defining command \DeclareSIQualifier with sig. 'mm' on line 7249.
.................................................
.................................................
. LaTeX info: "xparse/define-command"
. 
. Defining command \DeclareSIUnit with sig. 'O{}mm' on line 7252.
.................................................
.................................................
. LaTeX info: "xparse/define-command"
. 
. Defining command \DeclareSIUnitWithOptions with sig. 'mmm' on line 7255.
.................................................
.................................................
. LaTeX info: "xparse/define-command"
. 
. Defining command \ang with sig. 'o>{\SplitArgument {2}{;}}m' on line 7270.
.................................................
.................................................
. LaTeX info: "xparse/define-command"
. 
. Defining command \num with sig. 'om' on line 7279.
.................................................
.................................................
. LaTeX info: "xparse/define-command"
. 
. Defining command \numlist with sig. 'o>{\SplitList {;}}m' on line 7288.
.................................................
.................................................
. LaTeX info: "xparse/define-command"
. 
. Defining command \numrange with sig. 'omm' on line 7297.
.................................................
.................................................
. LaTeX info: "xparse/define-command"
. 
. Defining command \SIlist with sig. 'o>{\SplitList {;}}mm' on line 7309.
.................................................
.................................................
. LaTeX info: "xparse/define-command"
. 
. Defining command \SIrange with sig. 'ommm' on line 7321.
.................................................
.................................................
. LaTeX info: "xparse/define-command"
. 
. Defining command \SI with sig. 'omom' on line 7333.
.................................................
.................................................
. LaTeX info: "xparse/define-command"
. 
. Defining command \sisetup with sig. 'm' on line 7336.
.................................................
.................................................
. LaTeX info: "xparse/define-command"
. 
. Defining command \tablenum with sig. 'om' on line 7351.
.................................................
.................................................
. LaTeX info: "xparse/define-command"
. 
. Defining command \si with sig. 'om' on line 7363.
.................................................
.................................................
. LaTeX info: "xparse/define-command"
. 
. Defining command \numInBookmark with sig. 'om' on line 7410.
.................................................
.................................................
. LaTeX info: "xparse/define-command"
. 
. Defining command \numrangeInBookmark with sig. 'omm' on line 7412.
.................................................
.................................................
. LaTeX info: "xparse/define-command"
. 
. Defining command \SIInBookmark with sig. 'omom' on line 7414.
.................................................
.................................................
. LaTeX info: "xparse/define-command"
. 
. Defining command \SIlistInBookmark with sig. 'omm' on line 7416.
.................................................
.................................................
. LaTeX info: "xparse/define-command"
. 
. Defining command \SIrangeInBookmark with sig. 'ommm' on line 7418.
.................................................
.................................................
. LaTeX info: "xparse/define-command"
. 
. Defining command \siInBookmark with sig. 'om' on line 7419.
.................................................

("C:\Users\Richard\AppData\Local\Programs\MiKTeX 2.9\tex\latex\translator\trans
lator.sty"
Package: translator 2018/01/04 v1.12 Easy translation of strings in LaTeX
)) (frontiers.aux)
\openout1 = `frontiers.aux'.

LaTeX Font Info:    Checking defaults for OML/cmm/m/it on input line 50.
LaTeX Font Info:    ... okay on input line 50.
LaTeX Font Info:    Checking defaults for T1/cmr/m/n on input line 50.
LaTeX Font Info:    ... okay on input line 50.
LaTeX Font Info:    Checking defaults for OT1/cmr/m/n on input line 50.
LaTeX Font Info:    ... okay on input line 50.
LaTeX Font Info:    Checking defaults for OMS/cmsy/m/n on input line 50.
LaTeX Font Info:    ... okay on input line 50.
LaTeX Font Info:    Checking defaults for OMX/cmex/m/n on input line 50.
LaTeX Font Info:    ... okay on input line 50.
LaTeX Font Info:    Checking defaults for U/cmr/m/n on input line 50.
LaTeX Font Info:    ... okay on input line 50.
LaTeX Font Info:    Checking defaults for PD1/pdf/m/n on input line 50.
LaTeX Font Info:    ... okay on input line 50.
LaTeX Font Info:    Try loading font information for OT1+ptm on input line 50.

("C:\Users\Richard\AppData\Local\Programs\MiKTeX 2.9\tex\latex\psnfss\ot1ptm.fd
"
File: ot1ptm.fd 2001/06/04 font definitions for OT1/ptm.
)
("C:\Users\Richard\AppData\Local\Programs\MiKTeX 2.9\tex\context\base\supp-pdf.
mkii"
[Loading MPS to PDF converter (version 2006.09.02).]
\scratchcounter=\count327
\scratchdimen=\dimen184
\scratchbox=\box58
\nofMPsegments=\count328
\nofMParguments=\count329
\everyMPshowfont=\toks37
\MPscratchCnt=\count330
\MPscratchDim=\dimen185
\MPnumerator=\count331
\makeMPintoPDFobject=\count332
\everyMPtoPDFconversion=\toks38
)
Package crop Info: requested driver: `' on input line 50.
Package crop Info: detected driver: `pdftex' on input line 50.
Package crop Info: using `pdftex' graphics driver on input line 50.

("C:\Users\Richard\AppData\Local\Programs\MiKTeX 2.9\tex\latex\fmtcount\fc-engl
ish.def"
File: fc-english.def 2016/01/12
)
Package caption Info: Begin \AtBeginDocument code.
Package caption Info: hyperref package is loaded.
Package caption Info: End \AtBeginDocument code.
\AtBeginShipoutBox=\box59
Package hyperref Info: Link coloring OFF on input line 50.

("C:\Users\Richard\AppData\Local\Programs\MiKTeX 2.9\tex\latex\hyperref\nameref
.sty"
Package: nameref 2016/05/21 v2.44 Cross-referencing by name of section

("C:\Users\Richard\AppData\Local\Programs\MiKTeX 2.9\tex\generic\oberdiek\getti
tlestring.sty"
Package: gettitlestring 2016/05/16 v1.5 Cleanup title references (HO)
)
\c@section@level=\count333
)
LaTeX Info: Redefining \ref on input line 50.
LaTeX Info: Redefining \pageref on input line 50.
LaTeX Info: Redefining \nameref on input line 50.
 (frontiers.out) (frontiers.out)
\@outlinefile=\write3
\openout3 = `frontiers.out'.

LaTeX Info: Redefining \microtypecontext on input line 50.
Package microtype Info: Generating PDF output.
Package microtype Info: Character protrusion enabled (level 2),
(microtype)             factor: 1500.
Package microtype Info: Using default protrusion set `alltext'.
Package microtype Info: Automatic font expansion enabled (level 2),
(microtype)             stretch: 20, shrink: 20, step: 1, non-selected.
Package microtype Info: Using default expansion set `basictext'.
Package microtype Info: No adjustment of tracking.
Package microtype Info: No adjustment of interword spacing.
Package microtype Info: No adjustment of character kerning.

("C:\Users\Richard\AppData\Local\Programs\MiKTeX 2.9\tex\latex\microtype\mt-ptm
.cfg"
File: mt-ptm.cfg 2006/04/20 v1.7 microtype config. file: Times (RS)
)
Now handling font encoding TS1 ...
... processing UTF-8 mapping file for font encoding TS1

("C:\Users\Richard\AppData\Local\Programs\MiKTeX 2.9\tex\latex\base\ts1enc.dfu"
File: ts1enc.dfu 2017/01/28 v1.1t UTF-8 support for inputenc
   defining Unicode char U+00A2 (decimal 162)
   defining Unicode char U+00A3 (decimal 163)
   defining Unicode char U+00A4 (decimal 164)
   defining Unicode char U+00A5 (decimal 165)
   defining Unicode char U+00A6 (decimal 166)
   defining Unicode char U+00A7 (decimal 167)
   defining Unicode char U+00A8 (decimal 168)
   defining Unicode char U+00A9 (decimal 169)
   defining Unicode char U+00AA (decimal 170)
   defining Unicode char U+00AC (decimal 172)
   defining Unicode char U+00AE (decimal 174)
   defining Unicode char U+00AF (decimal 175)
   defining Unicode char U+00B0 (decimal 176)
   defining Unicode char U+00B1 (decimal 177)
   defining Unicode char U+00B2 (decimal 178)
   defining Unicode char U+00B3 (decimal 179)
   defining Unicode char U+00B4 (decimal 180)
   defining Unicode char U+00B5 (decimal 181)
   defining Unicode char U+00B6 (decimal 182)
   defining Unicode char U+00B7 (decimal 183)
   defining Unicode char U+00B9 (decimal 185)
   defining Unicode char U+00BA (decimal 186)
   defining Unicode char U+00BC (decimal 188)
   defining Unicode char U+00BD (decimal 189)
   defining Unicode char U+00BE (decimal 190)
   defining Unicode char U+00D7 (decimal 215)
   defining Unicode char U+00F7 (decimal 247)
   defining Unicode char U+0192 (decimal 402)
   defining Unicode char U+02C7 (decimal 711)
   defining Unicode char U+02D8 (decimal 728)
   defining Unicode char U+02DD (decimal 733)
   defining Unicode char U+0E3F (decimal 3647)
   defining Unicode char U+2016 (decimal 8214)
   defining Unicode char U+2020 (decimal 8224)
   defining Unicode char U+2021 (decimal 8225)
   defining Unicode char U+2022 (decimal 8226)
   defining Unicode char U+2030 (decimal 8240)
   defining Unicode char U+2031 (decimal 8241)
   defining Unicode char U+203B (decimal 8251)
   defining Unicode char U+203D (decimal 8253)
   defining Unicode char U+2044 (decimal 8260)
   defining Unicode char U+204E (decimal 8270)
   defining Unicode char U+2052 (decimal 8274)
   defining Unicode char U+20A1 (decimal 8353)
   defining Unicode char U+20A4 (decimal 8356)
   defining Unicode char U+20A6 (decimal 8358)
   defining Unicode char U+20A9 (decimal 8361)
   defining Unicode char U+20AB (decimal 8363)
   defining Unicode char U+20AC (decimal 8364)
   defining Unicode char U+20B1 (decimal 8369)
   defining Unicode char U+2103 (decimal 8451)
   defining Unicode char U+2116 (decimal 8470)
   defining Unicode char U+2117 (decimal 8471)
   defining Unicode char U+211E (decimal 8478)
   defining Unicode char U+2120 (decimal 8480)
   defining Unicode char U+2122 (decimal 8482)
   defining Unicode char U+2126 (decimal 8486)
   defining Unicode char U+2127 (decimal 8487)
   defining Unicode char U+212E (decimal 8494)
   defining Unicode char U+2190 (decimal 8592)
   defining Unicode char U+2191 (decimal 8593)
   defining Unicode char U+2192 (decimal 8594)
   defining Unicode char U+2193 (decimal 8595)
   defining Unicode char U+2329 (decimal 9001)
   defining Unicode char U+232A (decimal 9002)
   defining Unicode char U+2422 (decimal 9250)
   defining Unicode char U+25E6 (decimal 9702)
   defining Unicode char U+25EF (decimal 9711)
   defining Unicode char U+266A (decimal 9834)
)
("C:\Users\Richard\AppData\Local\Programs\MiKTeX 2.9\tex\latex\translator\trans
lator-basic-dictionary-English.dict"
Dictionary: translator-basic-dictionary, Language: English 
)
("C:\Users\Richard\AppData\Local\Programs\MiKTeX 2.9\tex\latex\siunitx\siunitx-
abbreviations.cfg"
File: siunitx-abbreviations.cfg 2017/11/26 v2.7k siunitx: Abbreviated units
)
("C:\Users\Richard\AppData\Local\Programs\MiKTeX 2.9\tex\latex\microtype\mt-cmr
.cfg"
File: mt-cmr.cfg 2013/05/19 v2.2 microtype config. file: Computer Modern Roman 
(RS)
)
LaTeX Font Info:    Try loading font information for U+msa on input line 50.

("C:\Users\Richard\AppData\Local\Programs\MiKTeX 2.9\tex\latex\amsfonts\umsa.fd
"
File: umsa.fd 2013/01/14 v3.01 AMS symbols A
)
("C:\Users\Richard\AppData\Local\Programs\MiKTeX 2.9\tex\latex\microtype\mt-msa
.cfg"
File: mt-msa.cfg 2006/02/04 v1.1 microtype config. file: AMS symbols (a) (RS)
)
LaTeX Font Info:    Try loading font information for U+msb on input line 50.

("C:\Users\Richard\AppData\Local\Programs\MiKTeX 2.9\tex\latex\amsfonts\umsb.fd
"
File: umsb.fd 2013/01/14 v3.01 AMS symbols B
)
("C:\Users\Richard\AppData\Local\Programs\MiKTeX 2.9\tex\latex\microtype\mt-msb
.cfg"
File: mt-msb.cfg 2005/06/01 v1.0 microtype config. file: AMS symbols (b) (RS)
)
Package microtype Info: Loading generic protrusion settings for font family
(microtype)             `cmss' (encoding: OT1).
(microtype)             For optimal results, create family-specific settings.
(microtype)             See the microtype manual for details.
Package microtype Info: Loading generic protrusion settings for font family
(microtype)             `cmtt' (encoding: OT1).
(microtype)             For optimal results, create family-specific settings.
(microtype)             See the microtype manual for details.
LaTeX Font Info:    Try loading font information for OT1+phv on input line 64.

("C:\Users\Richard\AppData\Local\Programs\MiKTeX 2.9\tex\latex\psnfss\ot1phv.fd
"
File: ot1phv.fd 2001/06/04 scalable font definitions for OT1/phv.
)
Package microtype Info: Loading generic protrusion settings for font family
(microtype)             `phv' (encoding: OT1).
(microtype)             For optimal results, create family-specific settings.
(microtype)             See the microtype manual for details.


LaTeX Warning: File `./logo1.eps' not found on input line 64.

Package epstopdf Info: Source file: <./logo1.eps>
(epstopdf)             Output file: <./logo1-eps-converted-to.pdf>
(epstopdf)                    date: 2019-04-15 17:35:43
(epstopdf)                    size: 27688 bytes
(epstopdf)             Command: <epstopdf --outfile=./logo1-eps-converted-to.pd
f ./logo1.eps>
(epstopdf)             \includegraphics on input line 64.
Package epstopdf Info: Output file is already uptodate.
<./logo1-eps-converted-to.pdf, id=71, 284.06125pt x 80.3pt>
File: ./logo1-eps-converted-to.pdf Graphic file (type pdf)
<use ./logo1-eps-converted-to.pdf>
Package pdftex.def Info: ./logo1-eps-converted-to.pdf  used on input line 64.
(pdftex.def)             Requested size: 144.0pt x 40.70862pt.

Underfull \hbox (badness 10000) detected at line 64
[]
 []


Overfull \hbox (8.53581pt too wide) in paragraph at lines 64--64
[][] 
 []

LaTeX Font Info:    Font shape `OT1/phv/bx/n' in size <12> not available
(Font)              Font shape `OT1/phv/b/n' tried instead on input line 64.
LaTeX Font Info:    Font shape `OT1/phv/bx/n' in size <20> not available
(Font)              Font shape `OT1/phv/b/n' tried instead on input line 64.

Underfull \hbox (badness 10000) detected at line 64
[]
 []

LaTeX Font Info:    Font shape `OT1/phv/bx/n' in size <11> not available
(Font)              Font shape `OT1/phv/b/n' tried instead on input line 78.
[1



{C:/Users/Richard/AppData/Local/MiKTeX/2.9/pdftex/config/pdftex.map} <./logo1-e
ps-converted-to.pdf>]
LaTeX Font Info:    Font shape `OT1/phv/bx/n' in size <8> not available
(Font)              Font shape `OT1/phv/b/n' tried instead on input line 80.
LaTeX Font Info:    Font shape `OT1/phv/bx/n' in size <13> not available
(Font)              Font shape `OT1/phv/b/n' tried instead on input line 86.
LaTeX Font Info:    Font shape `OT1/phv/bx/it' in size <11> not available
(Font)              Font shape `OT1/phv/b/it' tried instead on input line 96.
LaTeX Font Info:    Font shape `OT1/phv/b/it' in size <11> not available
(Font)              Font shape `OT1/phv/b/sl' tried instead on input line 96.

Overfull \vbox (3.49998pt too high) has occurred while \output is active []


[2]
LaTeX Font Info:    Try loading font information for TS1+ptm on input line 102.


("C:\Users\Richard\AppData\Local\Programs\MiKTeX 2.9\tex\latex\psnfss\ts1ptm.fd
"
File: ts1ptm.fd 2001/06/04 font definitions for TS1/ptm.
)
Package microtype Info: Loading generic protrusion settings for font family
(microtype)             `ptm' (encoding: TS1).
(microtype)             For optimal results, create family-specific settings.
(microtype)             See the microtype manual for details.


Package microtype Warning: Unknown slot number of character
(microtype)                `\textminus '
(microtype)                in font encoding `TS1' in protrusion list
(microtype)                `textcomp'.


Package microtype Warning: Unknown slot number of character
(microtype)                `\texttrademark '
(microtype)                in font encoding `TS1' in protrusion list
(microtype)                `textcomp'.


Package microtype Warning: Unknown slot number of character
(microtype)                `\textcopyright '
(microtype)                in font encoding `TS1' in protrusion list
(microtype)                `textcomp'.


Package microtype Warning: Unknown slot number of character
(microtype)                `\textregistered '
(microtype)                in font encoding `TS1' in protrusion list
(microtype)                `textcomp'.


Package microtype Warning: Unknown slot number of character
(microtype)                `\textdegree '
(microtype)                in font encoding `TS1' in protrusion list
(microtype)                `textcomp'.


Overfull \vbox (3.49998pt too high) has occurred while \output is active []


[3]
Overfull \vbox (3.49998pt too high) has occurred while \output is active []


[4]
Overfull \vbox (3.49998pt too high) has occurred while \output is active []


[5]
Overfull \vbox (3.49998pt too high) has occurred while \output is active []


[6]
Overfull \vbox (3.49998pt too high) has occurred while \output is active []


[7]
Overfull \vbox (3.49998pt too high) has occurred while \output is active []


[8]
Overfull \vbox (3.49998pt too high) has occurred while \output is active []


[9]
Overfull \vbox (3.49998pt too high) has occurred while \output is active []


[10] (frontiers.bbl
Overfull \vbox (3.49998pt too high) has occurred while \output is active []


[11]
Overfull \vbox (3.49998pt too high) has occurred while \output is active []


[12]
Overfull \vbox (3.49998pt too high) has occurred while \output is active []


[13]) (tables/strength_duration_table.tex
LaTeX Font Info:    Font shape `OT1/ptm/bx/n' in size <12> not available
(Font)              Font shape `OT1/ptm/b/n' tried instead on input line 3.

Underfull \vbox (badness 10000) has occurred while \output is active []


Overfull \vbox (3.49998pt too high) has occurred while \output is active []


[14]) (tables/latency_table.tex
Underfull \hbox (badness 10000) in paragraph at lines 18--18

 []

) (tables/ARP_comparison_table.tex
Underfull \hbox (badness 10000) in paragraph at lines 19--19

 []

) (tables/RRP_comparison_table.tex
Underfull \hbox (badness 10000) in paragraph at lines 18--18

 []

)
<images/Morphologies.pdf, id=489, 692.5875pt x 216.81pt>
File: images/Morphologies.pdf Graphic file (type pdf)
<use images/Morphologies.pdf>
Package pdftex.def Info: images/Morphologies.pdf  used on input line 347.
(pdftex.def)             Requested size: 504.0pt x 157.77704pt.


LaTeX Warning: `!h' float specifier changed to `!ht'.

<images/strength_duration_curve_comparison.pdf, id=492, 544.71002pt x 248.08371
pt>
File: images/strength_duration_curve_comparison.pdf Graphic file (type pdf)
<use images/strength_duration_curve_comparison.pdf>
Package pdftex.def Info: images/strength_duration_curve_comparison.pdf  used on
 input line 357.
(pdftex.def)             Requested size: 504.0pt x 229.54955pt.

LaTeX Warning: `!h' float specifier changed to `!ht'.

<images/thresholds_for_pulse_trains.pdf, id=493, 522.23795pt x 316.15746pt>
File: images/thresholds_for_pulse_trains.pdf Graphic file (type pdf)
<use images/thresholds_for_pulse_trains.pdf>
Package pdftex.def Info: images/thresholds_for_pulse_trains.pdf  used on input 
line 365.
(pdftex.def)             Requested size: 504.0pt x 305.1238pt.

LaTeX Warning: `!h' float specifier changed to `!ht'.

<images/thresholds_for_sinus.pdf, id=494, 623.93097pt x 212.0654pt>
File: images/thresholds_for_sinus.pdf Graphic file (type pdf)
<use images/thresholds_for_sinus.pdf>
Package pdftex.def Info: images/thresholds_for_sinus.pdf  used on input line 37
4.
(pdftex.def)             Requested size: 504.0pt x 171.30605pt.

LaTeX Warning: `!h' float specifier changed to `!ht'.

<images/conduction_velocity_plot.pdf, id=495, 503.9013pt x 229.12476pt>
File: images/conduction_velocity_plot.pdf Graphic file (type pdf)
<use images/conduction_velocity_plot.pdf>
Package pdftex.def Info: images/conduction_velocity_plot.pdf  used on input lin
e 383.
(pdftex.def)             Requested size: 504.0pt x 229.18011pt.

LaTeX Warning: `!h' float specifier changed to `!ht'.

<images/voltage_course_comparison_plot.pdf, id=496, 564.18782pt x 194.38756pt>
File: images/voltage_course_comparison_plot.pdf Graphic file (type pdf)
<use images/voltage_course_comparison_plot.pdf>
Package pdftex.def Info: images/voltage_course_comparison_plot.pdf  used on inp
ut line 391.
(pdftex.def)             Requested size: 504.0pt x 173.65692pt.

LaTeX Warning: `!h' float specifier changed to `!ht'.

<images/single_node_response_comparison.pdf, id=497, 630.25465pt x 217.57599pt>

File: images/single_node_response_comparison.pdf Graphic file (type pdf)
<use images/single_node_response_comparison.pdf>
Package pdftex.def Info: images/single_node_response_comparison.pdf  used on in
put line 402.
(pdftex.def)             Requested size: 504.0pt x 173.99129pt.

LaTeX Warning: `!h' float specifier changed to `!ht'.

<images/refractory_curves_plot_comparison.pdf, id=498, 617.80812pt x 227.63356p
t>
File: images/refractory_curves_plot_comparison.pdf Graphic file (type pdf)
<use images/refractory_curves_plot_comparison.pdf>
Package pdftex.def Info: images/refractory_curves_plot_comparison.pdf  used on 
input line 411.
(pdftex.def)             Requested size: 504.0pt x 185.70554pt.

LaTeX Warning: `!h' float specifier changed to `!ht'.

<images/stochasticity_plot.pdf, id=499, 520.89357pt x 242.28519pt>
File: images/stochasticity_plot.pdf Graphic file (type pdf)
<use images/stochasticity_plot.pdf>
Package pdftex.def Info: images/stochasticity_plot.pdf  used on input line 419.

(pdftex.def)             Requested size: 504.0pt x 234.43222pt.

LaTeX Warning: `!h' float specifier changed to `!ht'.

<images/psth_plot_comparison_thr.pdf, id=510, 515.6539pt x 302.72209pt>
File: images/psth_plot_comparison_thr.pdf Graphic file (type pdf)
<use images/psth_plot_comparison_thr.pdf>
Package pdftex.def Info: images/psth_plot_comparison_thr.pdf  used on input lin
e 428.
(pdftex.def)             Requested size: 504.0pt x 295.89421pt.

LaTeX Warning: `!h' float specifier changed to `!ht'.


Package caption Warning: Unused \captionsetup[sub] on input line 19.
See the caption package documentation for explanation.


Overfull \vbox (3.49998pt too high) has occurred while \output is active []


[15]
Overfull \vbox (3.49998pt too high) has occurred while \output is active []


[16 <./images/Morphologies.pdf>]
Overfull \vbox (3.49998pt too high) has occurred while \output is active []


[17 <./images/strength_duration_curve_comparison.pdf> <./images/thresholds_for_
pulse_trains.pdf

pdfTeX warning: pdflatex (file ./images/thresholds_for_pulse_trains.pdf): PDF i
nclusion: multiple pdfs with page group included in a single page
>]
Overfull \vbox (3.49998pt too high) has occurred while \output is active []


[18 <./images/thresholds_for_sinus.pdf> <./images/conduction_velocity_plot.pdf

pdfTeX warning: pdflatex (file ./images/conduction_velocity_plot.pdf): PDF incl
usion: multiple pdfs with page group included in a single page
>]
Overfull \vbox (3.49998pt too high) has occurred while \output is active []


[19 <./images/voltage_course_comparison_plot.pdf> <./images/single_node_respons
e_comparison.pdf>]
Overfull \vbox (3.49998pt too high) has occurred while \output is active []


[20 <./images/refractory_curves_plot_comparison.pdf> <./images/stochasticity_pl
ot.pdf

pdfTeX warning: pdflatex (file ./images/stochasticity_plot.pdf): PDF inclusion:
 multiple pdfs with page group included in a single page
>]
Underfull \vbox (badness 10000) has occurred while \output is active []


Overfull \vbox (3.49998pt too high) has occurred while \output is active []


[21 <./images/psth_plot_comparison_thr.pdf>]
Package atveryend Info: Empty hook `BeforeClearDocument' on input line 439.
Package atveryend Info: Empty hook `AfterLastShipout' on input line 439.
 (frontiers.aux)
Package atveryend Info: Executing hook `AtVeryEndDocument' on input line 439.
Package atveryend Info: Executing hook `AtEndAfterFileList' on input line 439.
Package rerunfilecheck Info: File `frontiers.out' has not changed.
(rerunfilecheck)             Checksum: FC14E9A3C834BBEA294D80F70D25C2A1;1083.


LaTeX Font Warning: Size substitutions with differences
(Font)              up to 0.5pt have occurred.

 ) 
Here is how much of TeX's memory you used:
 23899 strings out of 493305
 437269 string characters out of 3128932
 556273 words of memory out of 3000000
 26734 multiletter control sequences out of 15000+200000
 579805 words of font info for 246 fonts, out of 3000000 for 9000
 1145 hyphenation exceptions out of 8191
 60i,14n,94p,1868b,1036s stack positions out of 5000i,500n,10000p,200000b,50000s
{C:/Users/Richard/AppData/Local/Programs/MiKTeX 2.9/fonts/enc/dvips/base/8r.e
nc}<C:/Users/Richard/AppData/Local/Programs/MiKTeX 2.9/fonts/type1/public/amsfo
nts/cm/cmex10.pfb><C:/Users/Richard/AppData/Local/Programs/MiKTeX 2.9/fonts/typ
e1/public/amsfonts/cm/cmmi12.pfb><C:/Users/Richard/AppData/Local/Programs/MiKTe
X 2.9/fonts/type1/public/amsfonts/cm/cmmi9.pfb><C:/Users/Richard/AppData/Local/
Programs/MiKTeX 2.9/fonts/type1/public/amsfonts/cm/cmr12.pfb><C:/Users/Richard/
AppData/Local/Programs/MiKTeX 2.9/fonts/type1/public/amsfonts/cm/cmr9.pfb><C:/U
sers/Richard/AppData/Local/Programs/MiKTeX 2.9/fonts/type1/public/amsfonts/cm/c
msy10.pfb><C:/Users/Richard/AppData/Local/Programs/MiKTeX 2.9/fonts/type1/publi
c/amsfonts/cm/cmsy9.pfb><C:/Users/Richard/AppData/Local/Programs/MiKTeX 2.9/fon
ts/type1/urw/helvetic/uhvb8a.pfb><C:/Users/Richard/AppData/Local/Programs/MiKTe
X 2.9/fonts/type1/urw/helvetic/uhvbo8a.pfb><C:/Users/Richard/AppData/Local/Prog
rams/MiKTeX 2.9/fonts/type1/urw/helvetic/uhvr8a.pfb><C:/Users/Richard/AppData/L
ocal/Programs/MiKTeX 2.9/fonts/type1/urw/helvetic/uhvro8a.pfb><C:/Users/Richard
/AppData/Local/Programs/MiKTeX 2.9/fonts/type1/urw/times/utmb8a.pfb><C:/Users/R
ichard/AppData/Local/Programs/MiKTeX 2.9/fonts/type1/urw/times/utmr8a.pfb><C:/U
sers/Richard/AppData/Local/Programs/MiKTeX 2.9/fonts/type1/urw/times/utmri8a.pf
b>
Output written on frontiers.pdf (21 pages, 733211 bytes).
PDF statistics:
 1046 PDF objects out of 1200 (max. 8388607)
 113 named destinations out of 1000 (max. 500000)
 38080 words of extra memory for PDF output out of 42996 (max. 10000000)

